{
  "0 debug pnpm:scope": {
    "selected": 1
  },
  "1 error pnpm": {
    "code": "ELIFECYCLE",
    "errno": "ENOENT",
    "syscall": "spawn",
    "file": "sh",
    "pkgid": "scoreboard-app@0.1.0",
    "stage": "start",
    "script": "craco start",
    "pkgname": "scoreboard-app",
    "err": {
      "name": "pnpm",
      "message": "scoreboard-app@0.1.0 start: `craco start`\nspawn ENOENT",
      "code": "ELIFECYCLE",
      "stack": "pnpm: scoreboard-app@0.1.0 start: `craco start`\nspawn ENOENT\n    at ChildProcess.<anonymous> (/root/.nvm/versions/node/v14.18.2/pnpm-global/4/node_modules/.pnpm/pnpm@6.32.3/node_modules/pnpm/dist/pnpm.cjs:92278:22)\n    at ChildProcess.emit (events.js:315:20)\n    at maybeClose (internal/child_process.js:1021:16)\n    at Process.ChildProcess._handle.onexit (internal/child_process.js:286:5)"
    }
  }
}